<?xml version="1.0" encoding="UTF-8"?>
<!-- Generated by org.testng.reporters.JUnitXMLReporter -->
<testsuite ignored="0" hostname="Ritiks-MacBook-Pro.local" failures="0" tests="3" name="Default test" time="19.138" errors="0" timestamp="2026-04-16T15:23:06 EDT">
  <testcase classname="testCases.DashboardTest" name="laptopCount" time="1.022"/>
  <testcase classname="testCases.DashboardTest" name="mointorCount" time="0.919"/>
  <testcase classname="testCases.DashboardTest" name="phoneCount" time="1.04"/>
</testsuite> <!-- Default test -->
