<?xml version="1.0" encoding="UTF-8"?>
<!-- Generated by org.testng.reporters.JUnitXMLReporter -->
<testsuite ignored="0" hostname="Ritiks-MacBook-Pro.local" failures="0" tests="7" name="Test2" time="38.157" errors="0" timestamp="2026-04-16T15:25:18 EDT">
  <testcase classname="testCases.AccountRegister001" name="accountRegister" time="2.066"/>
  <testcase classname="testCases.AccountLogin001" name="accountLogin" time="1.558"/>
  <testcase classname="testCases.DashboardTest" name="laptopCount" time="0.909"/>
  <testcase classname="testCases.DashboardTest" name="mointorCount" time="0.849"/>
  <testcase classname="testCases.DashboardTest" name="phoneCount" time="0.949"/>
  <testcase classname="testCases.ProductTest001" name="addProduct" time="1.156"/>
  <testcase classname="testCases.ProductTest001" name="printing" time="0.645"/>
</testsuite> <!-- Test2 -->
