<?xml version="1.0" encoding="UTF-8"?>
<!-- Generated by org.testng.reporters.JUnitReportReporter -->
<testsuite hostname="Ritiks-MacBook-Pro.local" failures="0" tests="3" name="testCases.DashboardTest" time="14.876" errors="0" timestamp="2026-04-16T15:25:18 EDT" skipped="0">
  <testcase classname="testCases.DashboardTest" name="mointorCount" time="4.750"/>
  <testcase classname="testCases.DashboardTest" name="phoneCount" time="5.292"/>
  <testcase classname="testCases.DashboardTest" name="laptopCount" time="4.834"/>
</testsuite> <!-- testCases.DashboardTest -->
