<?xml version="1.0" encoding="UTF-8"?>
<!-- Generated by org.testng.reporters.JUnitReportReporter -->
<testsuite hostname="Ritiks-MacBook-Pro.local" failures="0" tests="3" name="testCases.DashboardTest001" time="16.257" errors="0" timestamp="2026-04-16T15:17:23 EDT" skipped="0">
  <testcase classname="testCases.DashboardTest001" name="phoneCount" time="6.226"/>
  <testcase classname="testCases.DashboardTest001" name="mointorCount" time="4.826"/>
  <testcase classname="testCases.DashboardTest001" name="laptopCount" time="5.205"/>
</testsuite> <!-- testCases.DashboardTest001 -->
